%!Adobe-FontList 1.23
%Locale:0x409

%BeginFont
Handler:DirectoryHandler
FontType:Invalid
OutlineFileName:/Users/alfonsocruz/Dropbox (Personal)/LTD/Promo/CV/Alfonso_Cruz_CV_2022_V3 Folder/Document fonts/AdobeFnt23.lst
FileLength:1392
FileModTime:678190781
%EndFont

%BeginFont
Handler:DirectoryHandler
FontType:Type1
FontName:UniversLTStd-Bold
FamilyName:Univers LT Std
StyleName:65 Bold
MenuName:Univers LT Std 45 Light
StyleBits:2
WeightClass:700
WidthClass:5
AngleClass:0
FullName:Univers LT Std 65 Bold
WritingScript:Roman
OutlineFileName:/Users/alfonsocruz/Dropbox (Personal)/LTD/Promo/CV/Alfonso_Cruz_CV_2022_V3 Folder/Document fonts/UniversLTStd-Bold.otf
DataFormat:sfntData
UsesStandardEncoding:yes
isCFF:yes
hasSVG:no
VariableFontType:NonVariableFont
FileLength:36368
FileModTime:495386612
DesignSize:120
NameArray:0,Mac,4,Univers LT Std 65 Bold
NameArray:0,Win,1,Univers LT Std 45 Light
NameArray:0,Win,16,Univers LT Std
%EndFont

%BeginFont
Handler:DirectoryHandler
FontType:Type1
FontName:UniversLTStd-Light
FamilyName:Univers LT Std
StyleName:45 Light
MenuName:Univers LT Std 45 Light
StyleBits:0
WeightClass:300
WidthClass:5
AngleClass:0
FullName:Univers LT Std 45 Light
WritingScript:Roman
OutlineFileName:/Users/alfonsocruz/Dropbox (Personal)/LTD/Promo/CV/Alfonso_Cruz_CV_2022_V3 Folder/Document fonts/UniversLTStd-Light.otf
DataFormat:sfntData
UsesStandardEncoding:yes
isCFF:yes
hasSVG:no
VariableFontType:NonVariableFont
FileLength:34488
FileModTime:495386612
DesignSize:120
NameArray:0,Mac,4,Univers LT Std 45 Light
NameArray:0,Win,1,Univers LT Std 45 Light
NameArray:0,Win,16,Univers LT Std
%EndFont

